# JRE version: OpenJDK Runtime Environment Temurin-17.0.12+7 (17.0.12+7) (build 17.0.12+7)
# Java VM: OpenJDK 64-Bit Server VM Temurin-17.0.12+7 (17.0.12+7, mixed mode, tiered, compressed oops, compressed class ptrs, parallel gc, windows-amd64)
GC Precious Log:
 CPUs: 8 total, 8 available
 Memory: 8037M
 Large Page Support: Disabled
 NUMA Support: Disabled
 Compressed Oops: Enabled (32-bit)
 Alignments: Space 512K, Generation 512K, Heap 2M
 Heap Min Capacity: 100M
 Heap Initial Capacity: 100M
 Heap Max Capacity: 1G
 Pre-touch: Disabled
 Parallel Workers: 8
Heap:
 PSYoungGen      total 26624K, used 24006K [0x00000000eab00000, 0x00000000ed400000, 0x0000000100000000)
  eden space 11776K, 83% used [0x00000000eab00000,0x00000000eb49bba8,0x00000000eb680000)
  from space 14848K, 95% used [0x00000000ec500000,0x00000000ed2d5ee0,0x00000000ed380000)
  to   space 14848K, 0% used [0x00000000eb680000,0x00000000eb680000,0x00000000ec500000)
 ParOldGen       total 699392K, used 268723K [0x00000000c0000000, 0x00000000eab00000, 0x00000000eab00000)
  object space 699392K, 38% used [0x00000000c0000000,0x00000000d066cda8,0x00000000eab00000)
 Metaspace       used 72226K, committed 73408K, reserved 1114112K
  class space    used 7796K, committed 8320K, reserved 1048576K
GC Heap History (20 events):
Event: 238.450 GC heap before
{Heap before GC invocations=1946 (full 1833):
 PSYoungGen      total 22528K, used 10752K [0x00000000eab00000, 0x00000000ecf00000, 0x0000000100000000)
  eden space 10752K, 100% used [0x00000000eab00000,0x00000000eb580000,0x00000000eb580000)
  from space 11776K, 0% used [0x00000000ec380000,0x00000000ec380000,0x00000000ecf00000)
  to   space 9216K, 0% used [0x00000000eb580000,0x00000000eb580000,0x00000000ebe80000)
 ParOldGen       total 262656K, used 262523K [0x00000000c0000000, 0x00000000d0080000, 0x00000000eab00000)
  object space 262656K, 99% used [0x00000000c0000000,0x00000000d005ede0,0x00000000d0080000)
 Metaspace       used 72221K, committed 73408K, reserved 1114112K
  class space    used 7796K, committed 8320K, reserved 1048576K
}
Event: 238.614 GC heap after
{Heap after GC invocations=1946 (full 1833):
 PSYoungGen      total 19968K, used 10751K [0x00000000eab00000, 0x00000000ecf00000, 0x0000000100000000)
  eden space 10752K, 99% used [0x00000000eab00000,0x00000000eb57ffd0,0x00000000eb580000)
  from space 9216K, 0% used [0x00000000eb580000,0x00000000eb580000,0x00000000ebe80000)
  to   space 11776K, 0% used [0x00000000ec380000,0x00000000ec380000,0x00000000ecf00000)
 ParOldGen       total 262656K, used 262523K [0x00000000c0000000, 0x00000000d0080000, 0x00000000eab00000)
  object space 262656K, 99% used [0x00000000c0000000,0x00000000d005ede0,0x00000000d0080000)
 Metaspace       used 72221K, committed 73408K, reserved 1114112K
  class space    used 7796K, committed 8320K, reserved 1048576K
}
Event: 238.615 GC heap before
{Heap before GC invocations=1947 (full 1834):
 PSYoungGen      total 19968K, used 10751K [0x00000000eab00000, 0x00000000ecf00000, 0x0000000100000000)
  eden space 10752K, 99% used [0x00000000eab00000,0x00000000eb57fff0,0x00000000eb580000)
  from space 9216K, 0% used [0x00000000eb580000,0x00000000eb580000,0x00000000ebe80000)
  to   space 11776K, 0% used [0x00000000ec380000,0x00000000ec380000,0x00000000ecf00000)
 ParOldGen       total 262656K, used 262523K [0x00000000c0000000, 0x00000000d0080000, 0x00000000eab00000)
  object space 262656K, 99% used [0x00000000c0000000,0x00000000d005ede0,0x00000000d0080000)
 Metaspace       used 72221K, committed 73408K, reserved 1114112K
  class space    used 7796K, committed 8320K, reserved 1048576K
}
Event: 238.750 GC heap after
{Heap after GC invocations=1947 (full 1834):
 PSYoungGen      total 22528K, used 10751K [0x00000000eab00000, 0x00000000ecf00000, 0x0000000100000000)
  eden space 10752K, 99% used [0x00000000eab00000,0x00000000eb57ffb8,0x00000000eb580000)
  from space 11776K, 0% used [0x00000000ec380000,0x00000000ec380000,0x00000000ecf00000)
  to   space 9216K, 0% used [0x00000000eb580000,0x00000000eb580000,0x00000000ebe80000)
 ParOldGen       total 262656K, used 262523K [0x00000000c0000000, 0x00000000d0080000, 0x00000000eab00000)
  object space 262656K, 99% used [0x00000000c0000000,0x00000000d005edc8,0x00000000d0080000)
 Metaspace       used 72221K, committed 73408K, reserved 1114112K
  class space    used 7796K, committed 8320K, reserved 1048576K
}
Event: 238.753 GC heap before
{Heap before GC invocations=1948 (full 1835):
 PSYoungGen      total 22528K, used 10751K [0x00000000eab00000, 0x00000000ecf00000, 0x0000000100000000)
  eden space 10752K, 99% used [0x00000000eab00000,0x00000000eb57fff0,0x00000000eb580000)
  from space 11776K, 0% used [0x00000000ec380000,0x00000000ec380000,0x00000000ecf00000)
  to   space 9216K, 0% used [0x00000000eb580000,0x00000000eb580000,0x00000000ebe80000)
 ParOldGen       total 262656K, used 262523K [0x00000000c0000000, 0x00000000d0080000, 0x00000000eab00000)
  object space 262656K, 99% used [0x00000000c0000000,0x00000000d005edc8,0x00000000d0080000)
 Metaspace       used 72221K, committed 73408K, reserved 1114112K
  class space    used 7796K, committed 8320K, reserved 1048576K
}
Event: 238.887 GC heap after
{Heap after GC invocations=1948 (full 1835):
 PSYoungGen      total 19968K, used 10751K [0x00000000eab00000, 0x00000000ecf00000, 0x0000000100000000)
  eden space 10752K, 99% used [0x00000000eab00000,0x00000000eb57ffb8,0x00000000eb580000)
  from space 9216K, 0% used [0x00000000eb580000,0x00000000eb580000,0x00000000ebe80000)
  to   space 11776K, 0% used [0x00000000ec380000,0x00000000ec380000,0x00000000ecf00000)
 ParOldGen       total 262656K, used 262523K [0x00000000c0000000, 0x00000000d0080000, 0x00000000eab00000)
  object space 262656K, 99% used [0x00000000c0000000,0x00000000d005edc8,0x00000000d0080000)
 Metaspace       used 72221K, committed 73408K, reserved 1114112K
  class space    used 7796K, committed 8320K, reserved 1048576K
}
Event: 238.887 GC heap before
{Heap before GC invocations=1949 (full 1836):
 PSYoungGen      total 19968K, used 10752K [0x00000000eab00000, 0x00000000ecf00000, 0x0000000100000000)
  eden space 10752K, 100% used [0x00000000eab00000,0x00000000eb580000,0x00000000eb580000)
  from space 9216K, 0% used [0x00000000eb580000,0x00000000eb580000,0x00000000ebe80000)
  to   space 11776K, 0% used [0x00000000ec380000,0x00000000ec380000,0x00000000ecf00000)
 ParOldGen       total 262656K, used 262523K [0x00000000c0000000, 0x00000000d0080000, 0x00000000eab00000)
  object space 262656K, 99% used [0x00000000c0000000,0x00000000d005edc8,0x00000000d0080000)
 Metaspace       used 72221K, committed 73408K, reserved 1114112K
  class space    used 7796K, committed 8320K, reserved 1048576K
}
Event: 239.006 GC heap after
{Heap after GC invocations=1949 (full 1836):
 PSYoungGen      total 22528K, used 10752K [0x00000000eab00000, 0x00000000ecf00000, 0x0000000100000000)
  eden space 10752K, 100% used [0x00000000eab00000,0x00000000eb580000,0x00000000eb580000)
  from space 11776K, 0% used [0x00000000ec380000,0x00000000ec380000,0x00000000ecf00000)
  to   space 9216K, 0% used [0x00000000eb580000,0x00000000eb580000,0x00000000ebe80000)
 ParOldGen       total 262656K, used 262523K [0x00000000c0000000, 0x00000000d0080000, 0x00000000eab00000)
  object space 262656K, 99% used [0x00000000c0000000,0x00000000d005edc8,0x00000000d0080000)
 Metaspace       used 72221K, committed 73408K, reserved 1114112K
  class space    used 7796K, committed 8320K, reserved 1048576K
}
Event: 239.006 GC heap before
{Heap before GC invocations=1950 (full 1837):
 PSYoungGen      total 22528K, used 10752K [0x00000000eab00000, 0x00000000ecf00000, 0x0000000100000000)
  eden space 10752K, 100% used [0x00000000eab00000,0x00000000eb580000,0x00000000eb580000)
  from space 11776K, 0% used [0x00000000ec380000,0x00000000ec380000,0x00000000ecf00000)
  to   space 9216K, 0% used [0x00000000eb580000,0x00000000eb580000,0x00000000ebe80000)
 ParOldGen       total 262656K, used 262558K [0x00000000c0000000, 0x00000000d0080000, 0x00000000eab00000)
  object space 262656K, 99% used [0x00000000c0000000,0x00000000d0067948,0x00000000d0080000)
 Metaspace       used 72221K, committed 73408K, reserved 1114112K
  class space    used 7796K, committed 8320K, reserved 1048576K
}
Event: 239.138 GC heap after
{Heap after GC invocations=1950 (full 1837):
 PSYoungGen      total 19968K, used 10751K [0x00000000eab00000, 0x00000000ecf00000, 0x0000000100000000)
  eden space 10752K, 99% used [0x00000000eab00000,0x00000000eb57ffb8,0x00000000eb580000)
  from space 9216K, 0% used [0x00000000eb580000,0x00000000eb580000,0x00000000ebe80000)
  to   space 11776K, 0% used [0x00000000ec380000,0x00000000ec380000,0x00000000ecf00000)
 ParOldGen       total 262656K, used 262536K [0x00000000c0000000, 0x00000000d0080000, 0x00000000eab00000)
  object space 262656K, 99% used [0x00000000c0000000,0x00000000d0062128,0x00000000d0080000)
 Metaspace       used 72221K, committed 73408K, reserved 1114112K
  class space    used 7796K, committed 8320K, reserved 1048576K
}
Event: 239.138 GC heap before
{Heap before GC invocations=1951 (full 1838):
 PSYoungGen      total 19968K, used 10752K [0x00000000eab00000, 0x00000000ecf00000, 0x0000000100000000)
  eden space 10752K, 100% used [0x00000000eab00000,0x00000000eb580000,0x00000000eb580000)
  from space 9216K, 0% used [0x00000000eb580000,0x00000000eb580000,0x00000000ebe80000)
  to   space 11776K, 0% used [0x00000000ec380000,0x00000000ec380000,0x00000000ecf00000)
 ParOldGen       total 262656K, used 262543K [0x00000000c0000000, 0x00000000d0080000, 0x00000000eab00000)
  object space 262656K, 99% used [0x00000000c0000000,0x00000000d0063f18,0x00000000d0080000)
 Metaspace       used 72221K, committed 73408K, reserved 1114112K
  class space    used 7796K, committed 8320K, reserved 1048576K
}
Event: 239.283 GC heap after
{Heap after GC invocations=1951 (full 1838):
 PSYoungGen      total 22528K, used 10751K [0x00000000eab00000, 0x00000000ecf00000, 0x0000000100000000)
  eden space 10752K, 99% used [0x00000000eab00000,0x00000000eb57ffd0,0x00000000eb580000)
  from space 11776K, 0% used [0x00000000ec380000,0x00000000ec380000,0x00000000ecf00000)
  to   space 9216K, 0% used [0x00000000eb580000,0x00000000eb580000,0x00000000ebe80000)
 ParOldGen       total 262656K, used 262542K [0x00000000c0000000, 0x00000000d0080000, 0x00000000eab00000)
  object space 262656K, 99% used [0x00000000c0000000,0x00000000d00638c0,0x00000000d0080000)
 Metaspace       used 72221K, committed 73408K, reserved 1114112K
  class space    used 7796K, committed 8320K, reserved 1048576K
}
Event: 239.283 GC heap before
{Heap before GC invocations=1952 (full 1839):
 PSYoungGen      total 22528K, used 10752K [0x00000000eab00000, 0x00000000ecf00000, 0x0000000100000000)
  eden space 10752K, 100% used [0x00000000eab00000,0x00000000eb580000,0x00000000eb580000)
  from space 11776K, 0% used [0x00000000ec380000,0x00000000ec380000,0x00000000ecf00000)
  to   space 9216K, 0% used [0x00000000eb580000,0x00000000eb580000,0x00000000ebe80000)
 ParOldGen       total 262656K, used 262542K [0x00000000c0000000, 0x00000000d0080000, 0x00000000eab00000)
  object space 262656K, 99% used [0x00000000c0000000,0x00000000d00638c0,0x00000000d0080000)
 Metaspace       used 72221K, committed 73408K, reserved 1114112K
  class space    used 7796K, committed 8320K, reserved 1048576K
}
Event: 239.433 GC heap after
{Heap after GC invocations=1952 (full 1839):
 PSYoungGen      total 19968K, used 10751K [0x00000000eab00000, 0x00000000ecf00000, 0x0000000100000000)
  eden space 10752K, 99% used [0x00000000eab00000,0x00000000eb57ffe8,0x00000000eb580000)
  from space 9216K, 0% used [0x00000000eb580000,0x00000000eb580000,0x00000000ebe80000)
  to   space 11776K, 0% used [0x00000000ec380000,0x00000000ec380000,0x00000000ecf00000)
 ParOldGen       total 699392K, used 262542K [0x00000000c0000000, 0x00000000eab00000, 0x00000000eab00000)
  object space 699392K, 37% used [0x00000000c0000000,0x00000000d00638c0,0x00000000eab00000)
 Metaspace       used 72221K, committed 73408K, reserved 1114112K
  class space    used 7796K, committed 8320K, reserved 1048576K
}
Event: 239.446 GC heap before
{Heap before GC invocations=1953 (full 1839):
 PSYoungGen      total 19968K, used 10752K [0x00000000eab00000, 0x00000000ecf00000, 0x0000000100000000)
  eden space 10752K, 100% used [0x00000000eab00000,0x00000000eb580000,0x00000000eb580000)
  from space 9216K, 0% used [0x00000000eb580000,0x00000000eb580000,0x00000000ebe80000)
  to   space 11776K, 0% used [0x00000000ec380000,0x00000000ec380000,0x00000000ecf00000)
 ParOldGen       total 699392K, used 262545K [0x00000000c0000000, 0x00000000eab00000, 0x00000000eab00000)
  object space 699392K, 37% used [0x00000000c0000000,0x00000000d00644e0,0x00000000eab00000)
 Metaspace       used 72221K, committed 73408K, reserved 1114112K
  class space    used 7796K, committed 8320K, reserved 1048576K
}
Event: 239.481 GC heap after
{Heap after GC invocations=1953 (full 1839):
 PSYoungGen      total 20992K, used 9522K [0x00000000eab00000, 0x00000000ecd00000, 0x0000000100000000)
  eden space 11264K, 0% used [0x00000000eab00000,0x00000000eab00000,0x00000000eb600000)
  from space 9728K, 97% used [0x00000000ec380000,0x00000000ecccc868,0x00000000ecd00000)
  to   space 10752K, 0% used [0x00000000eb800000,0x00000000eb800000,0x00000000ec280000)
 ParOldGen       total 699392K, used 264300K [0x00000000c0000000, 0x00000000eab00000, 0x00000000eab00000)
  object space 699392K, 37% used [0x00000000c0000000,0x00000000d021b0b8,0x00000000eab00000)
 Metaspace       used 72221K, committed 73408K, reserved 1114112K
  class space    used 7796K, committed 8320K, reserved 1048576K
}
Event: 239.744 GC heap before
{Heap before GC invocations=1954 (full 1839):
 PSYoungGen      total 20992K, used 20785K [0x00000000eab00000, 0x00000000ecd00000, 0x0000000100000000)
  eden space 11264K, 99% used [0x00000000eab00000,0x00000000eb5ffbf0,0x00000000eb600000)
  from space 9728K, 97% used [0x00000000ec380000,0x00000000ecccc868,0x00000000ecd00000)
  to   space 10752K, 0% used [0x00000000eb800000,0x00000000eb800000,0x00000000ec280000)
 ParOldGen       total 699392K, used 264300K [0x00000000c0000000, 0x00000000eab00000, 0x00000000eab00000)
  object space 699392K, 37% used [0x00000000c0000000,0x00000000d021b0b8,0x00000000eab00000)
 Metaspace       used 72221K, committed 73408K, reserved 1114112K
  class space    used 7796K, committed 8320K, reserved 1048576K
}
Event: 239.749 GC heap after
{Heap after GC invocations=1954 (full 1839):
 PSYoungGen      total 22528K, used 10751K [0x00000000eab00000, 0x00000000ed380000, 0x0000000100000000)
  eden space 11776K, 0% used [0x00000000eab00000,0x00000000eab00000,0x00000000eb680000)
  from space 10752K, 99% used [0x00000000eb800000,0x00000000ec27fd50,0x00000000ec280000)
  to   space 14848K, 0% used [0x00000000ec500000,0x00000000ec500000,0x00000000ed380000)
 ParOldGen       total 699392K, used 267221K [0x00000000c0000000, 0x00000000eab00000, 0x00000000eab00000)
  object space 699392K, 38% used [0x00000000c0000000,0x00000000d04f57f8,0x00000000eab00000)
 Metaspace       used 72221K, committed 73408K, reserved 1114112K
  class space    used 7796K, committed 8320K, reserved 1048576K
}
Event: 239.823 GC heap before
{Heap before GC invocations=1955 (full 1839):
 PSYoungGen      total 22528K, used 22504K [0x00000000eab00000, 0x00000000ed380000, 0x0000000100000000)
  eden space 11776K, 99% used [0x00000000eab00000,0x00000000eb67a5f0,0x00000000eb680000)
  from space 10752K, 99% used [0x00000000eb800000,0x00000000ec27fd50,0x00000000ec280000)
  to   space 14848K, 0% used [0x00000000ec500000,0x00000000ec500000,0x00000000ed380000)
 ParOldGen       total 699392K, used 267221K [0x00000000c0000000, 0x00000000eab00000, 0x00000000eab00000)
  object space 699392K, 38% used [0x00000000c0000000,0x00000000d04f57f8,0x00000000eab00000)
 Metaspace       used 72221K, committed 73408K, reserved 1114112K
  class space    used 7796K, committed 8320K, reserved 1048576K
}
Event: 239.831 GC heap after
{Heap after GC invocations=1955 (full 1839):
 PSYoungGen      total 26624K, used 14167K [0x00000000eab00000, 0x00000000ed400000, 0x0000000100000000)
  eden space 11776K, 0% used [0x00000000eab00000,0x00000000eab00000,0x00000000eb680000)
  from space 14848K, 95% used [0x00000000ec500000,0x00000000ed2d5ee0,0x00000000ed380000)
  to   space 14848K, 0% used [0x00000000eb680000,0x00000000eb680000,0x00000000ec500000)
 ParOldGen       total 699392K, used 268723K [0x00000000c0000000, 0x00000000eab00000, 0x00000000eab00000)
  object space 699392K, 38% used [0x00000000c0000000,0x00000000d066cda8,0x00000000eab00000)
 Metaspace       used 72221K, committed 73408K, reserved 1114112K
  class space    used 7796K, committed 8320K, reserved 1048576K
}

